[2025-12-09 03:38:54,662] INFO - Loading SQL Injection model from: models/random_forest.joblib
/Library/Frameworks/Python.framework/Versions/3.11/lib/python3.11/site-packages/sklearn/base.py:348: InconsistentVersionWarning: Trying to unpickle estimator DecisionTreeClassifier from version 1.7.2 when using version 1.3.1. This might lead to breaking code or invalid results. Use at your own risk. For more info please refer to:
https://scikit-learn.org/stable/model_persistence.html#security-maintainability-limitations
  warnings.warn(
/Library/Frameworks/Python.framework/Versions/3.11/lib/python3.11/site-packages/sklearn/base.py:348: InconsistentVersionWarning: Trying to unpickle estimator RandomForestClassifier from version 1.7.2 when using version 1.3.1. This might lead to breaking code or invalid results. Use at your own risk. For more info please refer to:
https://scikit-learn.org/stable/model_persistence.html#security-maintainability-limitations
  warnings.warn(
[2025-12-09 03:38:55,063] INFO - Loading SQL Injection vectorizer from: models/tfidf_vectorizer.joblib
/Library/Frameworks/Python.framework/Versions/3.11/lib/python3.11/site-packages/sklearn/base.py:348: InconsistentVersionWarning: Trying to unpickle estimator TfidfTransformer from version 1.7.2 when using version 1.3.1. This might lead to breaking code or invalid results. Use at your own risk. For more info please refer to:
https://scikit-learn.org/stable/model_persistence.html#security-maintainability-limitations
  warnings.warn(
/Library/Frameworks/Python.framework/Versions/3.11/lib/python3.11/site-packages/sklearn/base.py:348: InconsistentVersionWarning: Trying to unpickle estimator TfidfVectorizer from version 1.7.2 when using version 1.3.1. This might lead to breaking code or invalid results. Use at your own risk. For more info please refer to:
https://scikit-learn.org/stable/model_persistence.html#security-maintainability-limitations
  warnings.warn(
[2025-12-09 03:38:55,130] INFO - Loading XSS model from: models_xss/random_forest_xss.joblib
[2025-12-09 03:38:55,150] INFO - Loading XSS vectorizer from: models_xss/tfidf_vectorizer_xss.joblib
[2025-12-09 03:38:55,201] INFO - Starting WAF API on 0.0.0.0:5000 (SQLi=models/random_forest.joblib, XSS=models_xss/random_forest_xss.joblib)
 * Serving Flask app 'waf'
 * Debug mode: off
Address already in use
Port 5000 is in use by another program. Either identify and stop that program, or start the server with a different port.
On macOS, try disabling the 'AirPlay Receiver' service from System Preferences -> General -> AirDrop & Handoff.
